<?xml version="1.0" encoding="UTF-8" ?>
<testsuite tests="1" failures="0" name="UserMapperTest" time="0.548" errors="0" skipped="0">
  <properties>
    <property name="idea.version" value="2020.2.4"/>
    <property name="java.runtime.name" value="Java(TM) SE Runtime Environment"/>
    <property name="java.vm.version" value="18.0.2+9-61"/>
    <property name="sun.boot.library.path" value="D:\code\java\jdk-18\bin"/>
    <property name="maven.multiModuleProjectDirectory" value="D:\code\java\project\MybatisStudy"/>
    <property name="java.vm.vendor" value="Oracle Corporation"/>
    <property name="java.vendor.url" value="https://java.oracle.com/"/>
    <property name="guice.disable.misplaced.annotation.check" value="true"/>
    <property name="path.separator" value=";"/>
    <property name="java.vm.name" value="Java HotSpot(TM) 64-Bit Server VM"/>
    <property name="idea.launcher.port" value="14248"/>
    <property name="sun.os.patch.level" value=""/>
    <property name="user.script" value=""/>
    <property name="user.country" value="CN"/>
    <property name="sun.java.launcher" value="SUN_STANDARD"/>
    <property name="java.vm.specification.name" value="Java Virtual Machine Specification"/>
    <property name="user.dir" value="D:\code\java\project\MybatisStudy"/>
    <property name="java.vm.compressedOopsMode" value="Zero based"/>
    <property name="java.runtime.version" value="18.0.2+9-61"/>
    <property name="os.arch" value="amd64"/>
    <property name="java.io.tmpdir" value="C:\Users\10717\AppData\Local\Temp\"/>
    <property name="line.separator" value="
"/>
    <property name="java.vm.specification.vendor" value="Oracle Corporation"/>
    <property name="user.variant" value=""/>
    <property name="os.name" value="Windows 11"/>
    <property name="maven.ext.class.path" value="D:\code\IntelliJ IDEA 2020.2.4\plugins\maven\lib\maven-event-listener.jar"/>
    <property name="classworlds.conf" value="D:\code\IntelliJ IDEA 2020.2.4\plugins\maven\lib\maven3\bin\m2.conf"/>
    <property name="sun.jnu.encoding" value="GBK"/>
    <property name="java.library.path" value="D:\code\java\jdk-18\bin;C:\Windows\Sun\Java\bin;C:\Windows\system32;C:\Windows;C:\Program Files\NVIDIA GPU Computing Toolkit\CUDA\v11.6\bin;C:\Program Files\NVIDIA GPU Computing Toolkit\CUDA\v11.6\libnvvp;C:\Windows\system32;C:\Windows;C:\Windows\System32\Wbem;C:\Windows\System32\WindowsPowerShell\v1.0\;C:\Windows\System32\OpenSSH\;C:\Program Files (x86)\NVIDIA Corporation\PhysX\Common;C:\Program Files\NVIDIA Corporation\NVIDIA NvDLISR;D:\Anaconda3;D:\Anaconda3\Scripts;D:\Anaconda3\Library;D:\Anaconda3\Library\bin;D:\Anaconda3\Library\mingw-w64\bin;D:\code\Git\cmd;C:\Program Files\NVIDIA Corporation\Nsight Compute 2022.1.0\;C:\Program Files\dotnet\;D:\code\mysql-8.0.29\bin;D:\code\java\jdk-18\bin;C:\Program Files\Common Files\Oracle\Java\javapath;D:\code\apache-maven-3.8.2-bin\apache-maven-3.8.2\bin;C:\Users\10717\AppData\Local\Microsoft\WindowsApps;;D:\code\PyCharm Community Edition 2021.3.1\bin;;D:\code\IntelliJ IDEA 2021.3.1\bin;;D:\code\IntelliJ IDEA Community Edition 2022.1.4\bin;;."/>
    <property name="maven.conf" value="D:\code\IntelliJ IDEA 2020.2.4\plugins\maven\lib\maven3/conf"/>
    <property name="jdk.debug" value="release"/>
    <property name="java.class.version" value="62.0"/>
    <property name="java.specification.name" value="Java Platform API Specification"/>
    <property name="sun.management.compiler" value="HotSpot 64-Bit Tiered Compilers"/>
    <property name="os.version" value="10.0"/>
    <property name="user.home" value="C:\Users\10717"/>
    <property name="user.timezone" value="Asia/Shanghai"/>
    <property name="idea.launcher.bin.path" value="D:\code\IntelliJ IDEA 2020.2.4\bin"/>
    <property name="file.encoding" value="UTF-8"/>
    <property name="java.specification.version" value="18"/>
    <property name="user.name" value="10717"/>
    <property name="java.class.path" value="D:\code\IntelliJ IDEA 2020.2.4\plugins\maven\lib\maven3\boot\plexus-classworlds-2.6.0.jar;D:\code\IntelliJ IDEA 2020.2.4\plugins\maven\lib\maven3\boot\plexus-classworlds.license;D:\code\IntelliJ IDEA 2020.2.4\lib\idea_rt.jar"/>
    <property name="java.vm.specification.version" value="18"/>
    <property name="sun.arch.data.model" value="64"/>
    <property name="sun.java.command" value="com.intellij.rt.execution.application.AppMainV2 org.codehaus.classworlds.Launcher -Didea.version=2020.2.4 package"/>
    <property name="java.home" value="D:\code\java\jdk-18"/>
    <property name="user.language" value="zh"/>
    <property name="java.specification.vendor" value="Oracle Corporation"/>
    <property name="java.vm.info" value="mixed mode, sharing"/>
    <property name="java.version" value="18.0.2"/>
    <property name="native.encoding" value="GBK"/>
    <property name="java.vendor" value="Oracle Corporation"/>
    <property name="maven.home" value="D:\code\IntelliJ IDEA 2020.2.4\plugins\maven\lib\maven3"/>
    <property name="file.separator" value="\"/>
    <property name="java.version.date" value="2022-07-19"/>
    <property name="java.vendor.url.bug" value="https://bugreport.java.com/bugreport/"/>
    <property name="sun.io.unicode.encoding" value="UnicodeLittle"/>
    <property name="sun.cpu.endian" value="little"/>
    <property name="sun.cpu.isalist" value="amd64"/>
  </properties>
  <testcase classname="UserMapperTest" name="test" time="0.548"/>
</testsuite>