<?xml version="1.0" encoding="UTF-8" ?>
<testsuite tests="2" failures="0" name="MyTest" time="0.61" errors="2" skipped="0">
  <properties>
    <property name="java.runtime.name" value="Java(TM) SE Runtime Environment"/>
    <property name="idea.version" value="2020.2.4"/>
    <property name="java.vm.version" value="18.0.2+9-61"/>
    <property name="sun.boot.library.path" value="D:\code\java\jdk-18\bin"/>
    <property name="maven.multiModuleProjectDirectory" value="D:\code\java\project\MybatisStudy"/>
    <property name="java.vm.vendor" value="Oracle Corporation"/>
    <property name="java.vendor.url" value="https://java.oracle.com/"/>
    <property name="path.separator" value=";"/>
    <property name="guice.disable.misplaced.annotation.check" value="true"/>
    <property name="java.vm.name" value="Java HotSpot(TM) 64-Bit Server VM"/>
    <property name="idea.launcher.port" value="14248"/>
    <property name="user.country" value="CN"/>
    <property name="sun.java.launcher" value="SUN_STANDARD"/>
    <property name="user.script" value=""/>
    <property name="sun.os.patch.level" value=""/>
    <property name="user.dir" value="D:\code\java\project\MybatisStudy"/>
    <property name="java.vm.compressedOopsMode" value="Zero based"/>
    <property name="java.vm.specification.name" value="Java Virtual Machine Specification"/>
    <property name="java.runtime.version" value="18.0.2+9-61"/>
    <property name="os.arch" value="amd64"/>
    <property name="java.io.tmpdir" value="C:\Users\10717\AppData\Local\Temp\"/>
    <property name="line.separator" value="
"/>
    <property name="java.vm.specification.vendor" value="Oracle Corporation"/>
    <property name="user.variant" value=""/>
    <property name="os.name" value="Windows 11"/>
    <property name="maven.ext.class.path" value="D:\code\IntelliJ IDEA 2020.2.4\plugins\maven\lib\maven-event-listener.jar"/>
    <property name="classworlds.conf" value="D:\code\IntelliJ IDEA 2020.2.4\plugins\maven\lib\maven3\bin\m2.conf"/>
    <property name="sun.jnu.encoding" value="GBK"/>
    <property name="java.library.path" value="D:\code\java\jdk-18\bin;C:\Windows\Sun\Java\bin;C:\Windows\system32;C:\Windows;C:\Program Files\NVIDIA GPU Computing Toolkit\CUDA\v11.6\bin;C:\Program Files\NVIDIA GPU Computing Toolkit\CUDA\v11.6\libnvvp;C:\Windows\system32;C:\Windows;C:\Windows\System32\Wbem;C:\Windows\System32\WindowsPowerShell\v1.0\;C:\Windows\System32\OpenSSH\;C:\Program Files (x86)\NVIDIA Corporation\PhysX\Common;C:\Program Files\NVIDIA Corporation\NVIDIA NvDLISR;D:\Anaconda3;D:\Anaconda3\Scripts;D:\Anaconda3\Library;D:\Anaconda3\Library\bin;D:\Anaconda3\Library\mingw-w64\bin;D:\code\Git\cmd;C:\Program Files\NVIDIA Corporation\Nsight Compute 2022.1.0\;C:\Program Files\dotnet\;D:\code\mysql-8.0.29\bin;D:\code\java\jdk-18\bin;C:\Program Files\Common Files\Oracle\Java\javapath;D:\code\apache-maven-3.8.2-bin\apache-maven-3.8.2\bin;C:\Users\10717\AppData\Local\Microsoft\WindowsApps;;D:\code\PyCharm Community Edition 2021.3.1\bin;;D:\code\IntelliJ IDEA 2021.3.1\bin;;D:\code\IntelliJ IDEA Community Edition 2022.1.4\bin;;."/>
    <property name="maven.conf" value="D:\code\IntelliJ IDEA 2020.2.4\plugins\maven\lib\maven3/conf"/>
    <property name="jdk.debug" value="release"/>
    <property name="java.class.version" value="62.0"/>
    <property name="java.specification.name" value="Java Platform API Specification"/>
    <property name="sun.management.compiler" value="HotSpot 64-Bit Tiered Compilers"/>
    <property name="os.version" value="10.0"/>
    <property name="user.home" value="C:\Users\10717"/>
    <property name="user.timezone" value="Asia/Shanghai"/>
    <property name="idea.launcher.bin.path" value="D:\code\IntelliJ IDEA 2020.2.4\bin"/>
    <property name="file.encoding" value="UTF-8"/>
    <property name="java.specification.version" value="18"/>
    <property name="user.name" value="10717"/>
    <property name="java.class.path" value="D:\code\IntelliJ IDEA 2020.2.4\plugins\maven\lib\maven3\boot\plexus-classworlds-2.6.0.jar;D:\code\IntelliJ IDEA 2020.2.4\plugins\maven\lib\maven3\boot\plexus-classworlds.license;D:\code\IntelliJ IDEA 2020.2.4\lib\idea_rt.jar"/>
    <property name="java.vm.specification.version" value="18"/>
    <property name="sun.arch.data.model" value="64"/>
    <property name="sun.java.command" value="com.intellij.rt.execution.application.AppMainV2 org.codehaus.classworlds.Launcher -Didea.version=2020.2.4 package"/>
    <property name="java.home" value="D:\code\java\jdk-18"/>
    <property name="user.language" value="zh"/>
    <property name="java.specification.vendor" value="Oracle Corporation"/>
    <property name="java.vm.info" value="mixed mode, sharing"/>
    <property name="java.version" value="18.0.2"/>
    <property name="native.encoding" value="GBK"/>
    <property name="java.vendor" value="Oracle Corporation"/>
    <property name="maven.home" value="D:\code\IntelliJ IDEA 2020.2.4\plugins\maven\lib\maven3"/>
    <property name="file.separator" value="\"/>
    <property name="java.version.date" value="2022-07-19"/>
    <property name="java.vendor.url.bug" value="https://bugreport.java.com/bugreport/"/>
    <property name="sun.cpu.endian" value="little"/>
    <property name="sun.io.unicode.encoding" value="UnicodeLittle"/>
    <property name="sun.cpu.isalist" value="amd64"/>
  </properties>
  <testcase classname="MyTest" name="testStudent2" time="0.595">
    <error message="
### Error querying database.  Cause: java.sql.SQLSyntaxErrorException: Table &apos;mybatis.student&apos; doesn&apos;t exist
### The error may exist in com/kuang/dao/StudentMapper.xml
### The error may involve defaultParameterMap
### The error occurred while setting parameters
### SQL: select s.id sid, s.name sname , t.name tname         from student s,teacher t         where s.tid = t.id
### Cause: java.sql.SQLSyntaxErrorException: Table &apos;mybatis.student&apos; doesn&apos;t exist" type="org.apache.ibatis.exceptions.PersistenceException">org.apache.ibatis.exceptions.PersistenceException: 
### Error querying database.  Cause: java.sql.SQLSyntaxErrorException: Table &apos;mybatis.student&apos; doesn&apos;t exist
### The error may exist in com/kuang/dao/StudentMapper.xml
### The error may involve defaultParameterMap
### The error occurred while setting parameters
### SQL: select s.id sid, s.name sname , t.name tname         from student s,teacher t         where s.tid = t.id
### Cause: java.sql.SQLSyntaxErrorException: Table &apos;mybatis.student&apos; doesn&apos;t exist
	at org.apache.ibatis.exceptions.ExceptionFactory.wrapException(ExceptionFactory.java:30)
	at org.apache.ibatis.session.defaults.DefaultSqlSession.selectList(DefaultSqlSession.java:149)
	at org.apache.ibatis.session.defaults.DefaultSqlSession.selectList(DefaultSqlSession.java:140)
	at org.apache.ibatis.binding.MapperMethod.executeForMany(MapperMethod.java:147)
	at org.apache.ibatis.binding.MapperMethod.execute(MapperMethod.java:80)
	at org.apache.ibatis.binding.MapperProxy.invoke(MapperProxy.java:57)
	at jdk.proxy2/jdk.proxy2.$Proxy6.getStudents2(Unknown Source)
	at MyTest.testStudent2(MyTest.java:37)
	at java.base/jdk.internal.reflect.DirectMethodHandleAccessor.invoke(DirectMethodHandleAccessor.java:104)
	at java.base/java.lang.reflect.Method.invoke(Method.java:577)
	at org.junit.runners.model.FrameworkMethod$1.runReflectiveCall(FrameworkMethod.java:47)
	at org.junit.internal.runners.model.ReflectiveCallable.run(ReflectiveCallable.java:12)
	at org.junit.runners.model.FrameworkMethod.invokeExplosively(FrameworkMethod.java:44)
	at org.junit.internal.runners.statements.InvokeMethod.evaluate(InvokeMethod.java:17)
	at org.junit.runners.ParentRunner.runLeaf(ParentRunner.java:271)
	at org.junit.runners.BlockJUnit4ClassRunner.runChild(BlockJUnit4ClassRunner.java:70)
	at org.junit.runners.BlockJUnit4ClassRunner.runChild(BlockJUnit4ClassRunner.java:50)
	at org.junit.runners.ParentRunner$3.run(ParentRunner.java:238)
	at org.junit.runners.ParentRunner$1.schedule(ParentRunner.java:63)
	at org.junit.runners.ParentRunner.runChildren(ParentRunner.java:236)
	at org.junit.runners.ParentRunner.access$000(ParentRunner.java:53)
	at org.junit.runners.ParentRunner$2.evaluate(ParentRunner.java:229)
	at org.junit.runners.ParentRunner.run(ParentRunner.java:309)
	at org.apache.maven.surefire.junit4.JUnit4Provider.execute(JUnit4Provider.java:252)
	at org.apache.maven.surefire.junit4.JUnit4Provider.executeTestSet(JUnit4Provider.java:141)
	at org.apache.maven.surefire.junit4.JUnit4Provider.invoke(JUnit4Provider.java:112)
	at java.base/jdk.internal.reflect.DirectMethodHandleAccessor.invoke(DirectMethodHandleAccessor.java:104)
	at java.base/java.lang.reflect.Method.invoke(Method.java:577)
	at org.apache.maven.surefire.util.ReflectionUtils.invokeMethodWithArray(ReflectionUtils.java:189)
	at org.apache.maven.surefire.booter.ProviderFactory$ProviderProxy.invoke(ProviderFactory.java:165)
	at org.apache.maven.surefire.booter.ProviderFactory.invokeProvider(ProviderFactory.java:85)
	at org.apache.maven.surefire.booter.ForkedBooter.runSuitesInProcess(ForkedBooter.java:115)
	at org.apache.maven.surefire.booter.ForkedBooter.main(ForkedBooter.java:75)
Caused by: java.sql.SQLSyntaxErrorException: Table &apos;mybatis.student&apos; doesn&apos;t exist
	at com.mysql.cj.jdbc.exceptions.SQLError.createSQLException(SQLError.java:120)
	at com.mysql.cj.jdbc.exceptions.SQLExceptionsMapping.translateException(SQLExceptionsMapping.java:122)
	at com.mysql.cj.jdbc.ClientPreparedStatement.executeInternal(ClientPreparedStatement.java:953)
	at com.mysql.cj.jdbc.ClientPreparedStatement.execute(ClientPreparedStatement.java:370)
	at java.base/jdk.internal.reflect.DirectMethodHandleAccessor.invoke(DirectMethodHandleAccessor.java:104)
	at java.base/java.lang.reflect.Method.invoke(Method.java:577)
	at org.apache.ibatis.logging.jdbc.PreparedStatementLogger.invoke(PreparedStatementLogger.java:59)
	at jdk.proxy3/jdk.proxy3.$Proxy8.execute(Unknown Source)
	at org.apache.ibatis.executor.statement.PreparedStatementHandler.query(PreparedStatementHandler.java:64)
	at org.apache.ibatis.executor.statement.RoutingStatementHandler.query(RoutingStatementHandler.java:79)
	at org.apache.ibatis.executor.SimpleExecutor.doQuery(SimpleExecutor.java:63)
	at org.apache.ibatis.executor.BaseExecutor.queryFromDatabase(BaseExecutor.java:324)
	at org.apache.ibatis.executor.BaseExecutor.query(BaseExecutor.java:156)
	at org.apache.ibatis.executor.CachingExecutor.query(CachingExecutor.java:109)
	at org.apache.ibatis.executor.CachingExecutor.query(CachingExecutor.java:83)
	at org.apache.ibatis.session.defaults.DefaultSqlSession.selectList(DefaultSqlSession.java:147)
	... 31 more
</error>
    <system-out>[org.apache.ibatis.logging.LogFactory]-Logging initialized using &apos;class org.apache.ibatis.logging.log4j.Log4jImpl&apos; adapter.
[org.apache.ibatis.logging.LogFactory]-Logging initialized using &apos;class org.apache.ibatis.logging.log4j.Log4jImpl&apos; adapter.
[org.apache.ibatis.io.VFS]-Class not found: org.jboss.vfs.VFS
[org.apache.ibatis.io.JBoss6VFS]-JBoss 6 VFS API is not available in this environment.
[org.apache.ibatis.io.VFS]-Class not found: org.jboss.vfs.VirtualFile
[org.apache.ibatis.io.VFS]-VFS implementation org.apache.ibatis.io.JBoss6VFS is not valid in this environment.
[org.apache.ibatis.io.VFS]-Using VFS adapter org.apache.ibatis.io.DefaultVFS
[org.apache.ibatis.io.DefaultVFS]-Find JAR URL: file:/D:/code/java/project/MybatisStudy/mybatis-06/target/classes/com/kuang/pojo
[org.apache.ibatis.io.DefaultVFS]-Not a JAR: file:/D:/code/java/project/MybatisStudy/mybatis-06/target/classes/com/kuang/pojo
[org.apache.ibatis.io.DefaultVFS]-Reader entry: Student.class
[org.apache.ibatis.io.DefaultVFS]-Reader entry: Teacher.class
[org.apache.ibatis.io.DefaultVFS]-Listing file:/D:/code/java/project/MybatisStudy/mybatis-06/target/classes/com/kuang/pojo
[org.apache.ibatis.io.DefaultVFS]-Find JAR URL: file:/D:/code/java/project/MybatisStudy/mybatis-06/target/classes/com/kuang/pojo/Student.class
[org.apache.ibatis.io.DefaultVFS]-Not a JAR: file:/D:/code/java/project/MybatisStudy/mybatis-06/target/classes/com/kuang/pojo/Student.class
[org.apache.ibatis.io.DefaultVFS]-Reader entry: ����&amp;#0;&amp;#0;&amp;#0;4&amp;#0;\
[org.apache.ibatis.io.DefaultVFS]-Find JAR URL: file:/D:/code/java/project/MybatisStudy/mybatis-06/target/classes/com/kuang/pojo/Teacher.class
[org.apache.ibatis.io.DefaultVFS]-Not a JAR: file:/D:/code/java/project/MybatisStudy/mybatis-06/target/classes/com/kuang/pojo/Teacher.class
[org.apache.ibatis.io.DefaultVFS]-Reader entry: ����&amp;#0;&amp;#0;&amp;#0;4&amp;#0;J
[org.apache.ibatis.io.ResolverUtil]-Checking to see if class com.kuang.pojo.Student matches criteria [is assignable to Object]
[org.apache.ibatis.io.ResolverUtil]-Checking to see if class com.kuang.pojo.Teacher matches criteria [is assignable to Object]
[org.apache.ibatis.datasource.pooled.PooledDataSource]-PooledDataSource forcefully closed/removed all connections.
[org.apache.ibatis.datasource.pooled.PooledDataSource]-PooledDataSource forcefully closed/removed all connections.
[org.apache.ibatis.datasource.pooled.PooledDataSource]-PooledDataSource forcefully closed/removed all connections.
[org.apache.ibatis.datasource.pooled.PooledDataSource]-PooledDataSource forcefully closed/removed all connections.
[org.apache.ibatis.transaction.jdbc.JdbcTransaction]-Opening JDBC Connection
[org.apache.ibatis.datasource.pooled.PooledDataSource]-Created connection 1961595039.
[org.apache.ibatis.transaction.jdbc.JdbcTransaction]-Setting autocommit to false on JDBC Connection [com.mysql.cj.jdbc.ConnectionImpl@74eb909f]
[com.kuang.dao.StudentMapper.getStudents2]-==&gt;  Preparing: select s.id sid, s.name sname , t.name tname from student s,teacher t where s.tid = t.id 
[com.kuang.dao.StudentMapper.getStudents2]-==&gt; Parameters: 
</system-out>
  </testcase>
  <testcase classname="MyTest" name="testStudent" time="0.015">
    <error message="
### Error querying database.  Cause: java.sql.SQLSyntaxErrorException: Table &apos;mybatis.student&apos; doesn&apos;t exist
### The error may exist in com/kuang/dao/StudentMapper.xml
### The error may involve defaultParameterMap
### The error occurred while setting parameters
### SQL: select * from student
### Cause: java.sql.SQLSyntaxErrorException: Table &apos;mybatis.student&apos; doesn&apos;t exist" type="org.apache.ibatis.exceptions.PersistenceException">org.apache.ibatis.exceptions.PersistenceException: 
### Error querying database.  Cause: java.sql.SQLSyntaxErrorException: Table &apos;mybatis.student&apos; doesn&apos;t exist
### The error may exist in com/kuang/dao/StudentMapper.xml
### The error may involve defaultParameterMap
### The error occurred while setting parameters
### SQL: select * from student
### Cause: java.sql.SQLSyntaxErrorException: Table &apos;mybatis.student&apos; doesn&apos;t exist
	at org.apache.ibatis.exceptions.ExceptionFactory.wrapException(ExceptionFactory.java:30)
	at org.apache.ibatis.session.defaults.DefaultSqlSession.selectList(DefaultSqlSession.java:149)
	at org.apache.ibatis.session.defaults.DefaultSqlSession.selectList(DefaultSqlSession.java:140)
	at org.apache.ibatis.binding.MapperMethod.executeForMany(MapperMethod.java:147)
	at org.apache.ibatis.binding.MapperMethod.execute(MapperMethod.java:80)
	at org.apache.ibatis.binding.MapperProxy.invoke(MapperProxy.java:57)
	at jdk.proxy2/jdk.proxy2.$Proxy6.getStudents(Unknown Source)
	at MyTest.testStudent(MyTest.java:24)
	at java.base/jdk.internal.reflect.DirectMethodHandleAccessor.invoke(DirectMethodHandleAccessor.java:104)
	at java.base/java.lang.reflect.Method.invoke(Method.java:577)
	at org.junit.runners.model.FrameworkMethod$1.runReflectiveCall(FrameworkMethod.java:47)
	at org.junit.internal.runners.model.ReflectiveCallable.run(ReflectiveCallable.java:12)
	at org.junit.runners.model.FrameworkMethod.invokeExplosively(FrameworkMethod.java:44)
	at org.junit.internal.runners.statements.InvokeMethod.evaluate(InvokeMethod.java:17)
	at org.junit.runners.ParentRunner.runLeaf(ParentRunner.java:271)
	at org.junit.runners.BlockJUnit4ClassRunner.runChild(BlockJUnit4ClassRunner.java:70)
	at org.junit.runners.BlockJUnit4ClassRunner.runChild(BlockJUnit4ClassRunner.java:50)
	at org.junit.runners.ParentRunner$3.run(ParentRunner.java:238)
	at org.junit.runners.ParentRunner$1.schedule(ParentRunner.java:63)
	at org.junit.runners.ParentRunner.runChildren(ParentRunner.java:236)
	at org.junit.runners.ParentRunner.access$000(ParentRunner.java:53)
	at org.junit.runners.ParentRunner$2.evaluate(ParentRunner.java:229)
	at org.junit.runners.ParentRunner.run(ParentRunner.java:309)
	at org.apache.maven.surefire.junit4.JUnit4Provider.execute(JUnit4Provider.java:252)
	at org.apache.maven.surefire.junit4.JUnit4Provider.executeTestSet(JUnit4Provider.java:141)
	at org.apache.maven.surefire.junit4.JUnit4Provider.invoke(JUnit4Provider.java:112)
	at java.base/jdk.internal.reflect.DirectMethodHandleAccessor.invoke(DirectMethodHandleAccessor.java:104)
	at java.base/java.lang.reflect.Method.invoke(Method.java:577)
	at org.apache.maven.surefire.util.ReflectionUtils.invokeMethodWithArray(ReflectionUtils.java:189)
	at org.apache.maven.surefire.booter.ProviderFactory$ProviderProxy.invoke(ProviderFactory.java:165)
	at org.apache.maven.surefire.booter.ProviderFactory.invokeProvider(ProviderFactory.java:85)
	at org.apache.maven.surefire.booter.ForkedBooter.runSuitesInProcess(ForkedBooter.java:115)
	at org.apache.maven.surefire.booter.ForkedBooter.main(ForkedBooter.java:75)
Caused by: java.sql.SQLSyntaxErrorException: Table &apos;mybatis.student&apos; doesn&apos;t exist
	at com.mysql.cj.jdbc.exceptions.SQLError.createSQLException(SQLError.java:120)
	at com.mysql.cj.jdbc.exceptions.SQLExceptionsMapping.translateException(SQLExceptionsMapping.java:122)
	at com.mysql.cj.jdbc.ClientPreparedStatement.executeInternal(ClientPreparedStatement.java:953)
	at com.mysql.cj.jdbc.ClientPreparedStatement.execute(ClientPreparedStatement.java:370)
	at java.base/jdk.internal.reflect.DirectMethodHandleAccessor.invoke(DirectMethodHandleAccessor.java:104)
	at java.base/java.lang.reflect.Method.invoke(Method.java:577)
	at org.apache.ibatis.logging.jdbc.PreparedStatementLogger.invoke(PreparedStatementLogger.java:59)
	at jdk.proxy3/jdk.proxy3.$Proxy8.execute(Unknown Source)
	at org.apache.ibatis.executor.statement.PreparedStatementHandler.query(PreparedStatementHandler.java:64)
	at org.apache.ibatis.executor.statement.RoutingStatementHandler.query(RoutingStatementHandler.java:79)
	at org.apache.ibatis.executor.SimpleExecutor.doQuery(SimpleExecutor.java:63)
	at org.apache.ibatis.executor.BaseExecutor.queryFromDatabase(BaseExecutor.java:324)
	at org.apache.ibatis.executor.BaseExecutor.query(BaseExecutor.java:156)
	at org.apache.ibatis.executor.CachingExecutor.query(CachingExecutor.java:109)
	at org.apache.ibatis.executor.CachingExecutor.query(CachingExecutor.java:83)
	at org.apache.ibatis.session.defaults.DefaultSqlSession.selectList(DefaultSqlSession.java:147)
	... 31 more
</error>
    <system-out>[org.apache.ibatis.transaction.jdbc.JdbcTransaction]-Opening JDBC Connection
[org.apache.ibatis.datasource.pooled.PooledDataSource]-Created connection 2018260103.
[org.apache.ibatis.transaction.jdbc.JdbcTransaction]-Setting autocommit to false on JDBC Connection [com.mysql.cj.jdbc.ConnectionImpl@784c3487]
[com.kuang.dao.StudentMapper.getStudents]-==&gt;  Preparing: select * from student 
[com.kuang.dao.StudentMapper.getStudents]-==&gt; Parameters: 
</system-out>
  </testcase>
</testsuite>